<?xml version="1.0" encoding="UTF-8"?>
<!-- Generated by org.testng.reporters.JUnitXMLReporter -->
<testsuite ignored="0" hostname="DESKTOP-IBKLVCE" failures="0" tests="7" name="Default test" time="46.434" errors="0" timestamp="2024-08-21T13:52:20 AZT">
  <testcase classname="mumzworld.mumzworldTestcases" name="testOpenWebstore" time="13.061"/>
  <testcase classname="mumzworld.mumzworldTestcases" name="testSearchProduct" time="1.968"/>
  <testcase classname="mumzworld.mumzworldTestcases" name="testAddToBag" time="12.484"/>
  <testcase classname="mumzworld.mumzworldTestcases" name="testGoToViewBag" time="1.071"/>
  <testcase classname="mumzworld.mumzworldTestcases" name="testIncreaseQuantity" time="7.349"/>
  <testcase classname="mumzworld.mumzworldTestcases" name="testProceedToCheckout" time="0.655"/>
  <testcase classname="mumzworld.mumzworldTestcases" name="testRegisterUser" time="1.557"/>
</testsuite> <!-- Default test -->
